Array
(
    [product_id] => undefined
    [quantity] => 1
    [size] => medium
)
Array
(
    [product_id] => undefined
    [quantity] => 1
    [size] => medium
)
Array
(
    [product_id] => undefined
    [quantity] => 1
    [size] => medium
)
Array
(
    [product_id] => undefined
    [quantity] => 1
    [size] => medium
)
Array
(
    [product_id] => undefined
    [quantity] => 1
    [size] => medium
)
Array
(
    [product_id] => undefined
    [quantity] => 1
    [size] => medium
)
Array
(
    [product_id] => undefined
    [quantity] => 1
    [size] => medium
)
Array
(
    [product_id] => undefined
    [quantity] => 1
    [size] => medium
)
Array
(
    [product_id] => undefined
    [quantity] => 1
    [size] => medium
)
Array
(
    [product_id] => undefined
    [quantity] => 1
    [size] => medium
)
Array
(
    [product_id] => undefined
    [quantity] => 1
    [size] => medium
)
